Determining if the pthread_create exist failed with the following output:
Change Dir: /home/drinkingcoder/Documents/Code/KinectFusion/build/CMakeFiles/CMakeTmp

Run Build Command:"/usr/bin/make" "cmTC_9f494/fast"
/usr/bin/make -f CMakeFiles/cmTC_9f494.dir/build.make CMakeFiles/cmTC_9f494.dir/build
make[1]: Entering directory `/home/drinkingcoder/Documents/Code/KinectFusion/build/CMakeFiles/CMakeTmp'
Building C object CMakeFiles/cmTC_9f494.dir/CheckSymbolExists.c.o
/usr/bin/cc    -fPIC    -o CMakeFiles/cmTC_9f494.dir/CheckSymbolExists.c.o   -c /home/drinkingcoder/Documents/Code/KinectFusion/build/CMakeFiles/CMakeTmp/CheckSymbolExists.c
Linking C executable cmTC_9f494
/usr/local/bin/cmake -E cmake_link_script CMakeFiles/cmTC_9f494.dir/link.txt --verbose=1
/usr/bin/cc  -fPIC     CMakeFiles/cmTC_9f494.dir/CheckSymbolExists.c.o  -o cmTC_9f494 -rdynamic 
CMakeFiles/cmTC_9f494.dir/CheckSymbolExists.c.o: In function `main':
CheckSymbolExists.c:(.text+0x1b): undefined reference to `pthread_create'
collect2: error: ld returned 1 exit status
make[1]: *** [cmTC_9f494] Error 1
make[1]: Leaving directory `/home/drinkingcoder/Documents/Code/KinectFusion/build/CMakeFiles/CMakeTmp'
make: *** [cmTC_9f494/fast] Error 2

File /home/drinkingcoder/Documents/Code/KinectFusion/build/CMakeFiles/CMakeTmp/CheckSymbolExists.c:
/* */
#include <pthread.h>

int main(int argc, char** argv)
{
  (void)argv;
#ifndef pthread_create
  return ((int*)(&pthread_create))[argc];
#else
  (void)argc;
  return 0;
#endif
}

Determining if the function pthread_create exists in the pthreads failed with the following output:
Change Dir: /home/drinkingcoder/Documents/Code/KinectFusion/build/CMakeFiles/CMakeTmp

Run Build Command:"/usr/bin/make" "cmTC_d5ee0/fast"
/usr/bin/make -f CMakeFiles/cmTC_d5ee0.dir/build.make CMakeFiles/cmTC_d5ee0.dir/build
make[1]: Entering directory `/home/drinkingcoder/Documents/Code/KinectFusion/build/CMakeFiles/CMakeTmp'
Building C object CMakeFiles/cmTC_d5ee0.dir/CheckFunctionExists.c.o
/usr/bin/cc    -fPIC -DCHECK_FUNCTION_EXISTS=pthread_create   -o CMakeFiles/cmTC_d5ee0.dir/CheckFunctionExists.c.o   -c /usr/local/share/cmake-3.4/Modules/CheckFunctionExists.c
Linking C executable cmTC_d5ee0
/usr/local/bin/cmake -E cmake_link_script CMakeFiles/cmTC_d5ee0.dir/link.txt --verbose=1
/usr/bin/cc  -fPIC -DCHECK_FUNCTION_EXISTS=pthread_create    CMakeFiles/cmTC_d5ee0.dir/CheckFunctionExists.c.o  -o cmTC_d5ee0 -rdynamic -lpthreads 
/usr/bin/ld: cannot find -lpthreads
collect2: error: ld returned 1 exit status
make[1]: *** [cmTC_d5ee0] Error 1
make[1]: Leaving directory `/home/drinkingcoder/Documents/Code/KinectFusion/build/CMakeFiles/CMakeTmp'
make: *** [cmTC_d5ee0/fast] Error 2


